HTML Process Log - 2025-07-10 21:19:25.598306
Processed: D:\work\aiwork\rpa\blog.html | Backup: D:\work\aiwork\rpa\bak\blog.html
Processed: D:\work\aiwork\rpa\discord.html | Backup: D:\work\aiwork\rpa\bak\discord.html
Processed: D:\work\aiwork\rpa\docs.html | Backup: D:\work\aiwork\rpa\bak\docs.html
Processed: D:\work\aiwork\rpa\help.html | Backup: D:\work\aiwork\rpa\bak\help.html
Processed: D:\work\aiwork\rpa\index.html | Backup: D:\work\aiwork\rpa\bak\index.html
Processed: D:\work\aiwork\rpa\indexcoin.html | Backup: D:\work\aiwork\rpa\bak\indexcoin.html
Processed: D:\work\aiwork\rpa\pricing.html | Backup: D:\work\aiwork\rpa\bak\pricing.html
Processed: D:\work\aiwork\rpa\privacy-policy.html | Backup: D:\work\aiwork\rpa\bak\privacy-policy.html
Processed: D:\work\aiwork\rpa\referral-terms.html | Backup: D:\work\aiwork\rpa\bak\referral-terms.html
Processed: D:\work\aiwork\rpa\strategies.html | Backup: D:\work\aiwork\rpa\bak\strategies.html
Processed: D:\work\aiwork\rpa\strategy_detail.html | Backup: D:\work\aiwork\rpa\bak\strategy_detail.html
Processed: D:\work\aiwork\rpa\terms-of-service.html | Backup: D:\work\aiwork\rpa\bak\terms-of-service.html
Processed: D:\work\aiwork\rpa\blog\news\important-2fa-security-update-exciting-site-enhancements-and-new-pricing-plans.html | Backup: D:\work\aiwork\rpa\bak\blog\news\important-2fa-security-update-exciting-site-enhancements-and-new-pricing-plans.html
Processed: D:\work\aiwork\rpa\blog\news\jesse-v110-community-driven-improvements-and-new-features-new-videos-and-more.html | Backup: D:\work\aiwork\rpa\bak\blog\news\jesse-v110-community-driven-improvements-and-new-features-new-videos-and-more.html
Processed: D:\work\aiwork\rpa\strategies\adxwilliamsstrategy.html | Backup: D:\work\aiwork\rpa\bak\strategies\adxwilliamsstrategy.html
Processed: D:\work\aiwork\rpa\strategies\alligatorv2.html | Backup: D:\work\aiwork\rpa\bak\strategies\alligatorv2.html
Processed: D:\work\aiwork\rpa\strategies\golden-cross-strategy.html | Backup: D:\work\aiwork\rpa\bak\strategies\golden-cross-strategy.html
Processed: D:\work\aiwork\rpa\strategies\macd-ema.html | Backup: D:\work\aiwork\rpa\bak\strategies\macd-ema.html
Processed: D:\work\aiwork\rpa\strategies\simple-bollinger-bands-strategy.html | Backup: D:\work\aiwork\rpa\bak\strategies\simple-bollinger-bands-strategy.html
Processed: D:\work\aiwork\rpa\strategies\tematrendfollowing.html | Backup: D:\work\aiwork\rpa\bak\strategies\tematrendfollowing.html
Processed: D:\work\aiwork\rpa\strategies\trendwaverider.html | Backup: D:\work\aiwork\rpa\bak\strategies\trendwaverider.html
Processed: D:\work\aiwork\rpa\strategies\turtle-v3.html | Backup: D:\work\aiwork\rpa\bak\strategies\turtle-v3.html
Processed: D:\work\aiwork\rpa\u\andrea.html | Backup: D:\work\aiwork\rpa\bak\u\andrea.html
Processed: D:\work\aiwork\rpa\u\saleh.html | Backup: D:\work\aiwork\rpa\bak\u\saleh.html
HTML Translate Log - 2025-07-10 21:37:17.996606
Processed & Translated: D:\work\aiwork\rpa\blog.html
Processed & Translated: D:\work\aiwork\rpa\discord.html
Processed & Translated: D:\work\aiwork\rpa\docs.html
Processed & Translated: D:\work\aiwork\rpa\help.html
Processed & Translated: D:\work\aiwork\rpa\index.html
Processed & Translated: D:\work\aiwork\rpa\indexcoin.html
Processed & Translated: D:\work\aiwork\rpa\pricing.html
Processed & Translated: D:\work\aiwork\rpa\privacy-policy.html
Processed & Translated: D:\work\aiwork\rpa\referral-terms.html
Processed & Translated: D:\work\aiwork\rpa\strategies.html
Processed & Translated: D:\work\aiwork\rpa\strategy_detail.html
Processed & Translated: D:\work\aiwork\rpa\terms-of-service.html
Processed & Translated: D:\work\aiwork\rpa\blog\news\important-2fa-security-update-exciting-site-enhancements-and-new-pricing-plans.html
Processed & Translated: D:\work\aiwork\rpa\blog\news\jesse-v110-community-driven-improvements-and-new-features-new-videos-and-more.html
Processed & Translated: D:\work\aiwork\rpa\strategies\adxwilliamsstrategy.html
Processed & Translated: D:\work\aiwork\rpa\strategies\alligatorv2.html
Processed & Translated: D:\work\aiwork\rpa\strategies\golden-cross-strategy.html
Processed & Translated: D:\work\aiwork\rpa\strategies\macd-ema.html
Processed & Translated: D:\work\aiwork\rpa\strategies\simple-bollinger-bands-strategy.html
Processed & Translated: D:\work\aiwork\rpa\strategies\tematrendfollowing.html
Processed & Translated: D:\work\aiwork\rpa\strategies\trendwaverider.html
Processed & Translated: D:\work\aiwork\rpa\strategies\turtle-v3.html
Processed & Translated: D:\work\aiwork\rpa\u\andrea.html
Processed & Translated: D:\work\aiwork\rpa\u\saleh.html
